{ Using PSTWRITER 23.1.0 d001Mar-04-2026 at 12:23:27 }

#1 WARNING(ORCAP-36038): "No_connect" property on Pin "RP4.11" ignored for RP4: Schematic, P09_DVI-D, LCD (5.70, 4.70). Connecting pin to net "DVI_DEN".
#2 WARNING(ORCAP-36038): "No_connect" property on Pin "U7.M4" ignored for U7: Schematic, P06_PMIC_PERIPH (3.90, 0.10). Connecting pin to net "NDC_PWR".
#3 WARNING(ORCAP-36038): "No_connect" property on Pin "U4.P8" ignored for U4: Schematic, P03_PROCESSOR_A (2.20, 0.20). Connecting pin to net "DMAREQ3".
#4 WARNING(ORCAP-36038): "No_connect" property on Pin "U4.R8" ignored for U4: Schematic, P03_PROCESSOR_A (2.20, 0.20). Connecting pin to net "HUB_RESET".
#5 WARNING(ORCAP-36038): "No_connect" property on Pin "RP4.10" ignored for RP4: Schematic, P09_DVI-D, LCD (5.70, 4.80). Connecting pin to net "DVI_VSYNC".
#6 WARNING(ORCAP-36038): "No_connect" property on Pin "RP4.7" ignored for RP4: Schematic, P09_DVI-D, LCD (5.70, 4.80). Connecting pin to net "DSS_VSYNC".
#7 WARNING(ORCAP-36038): "No_connect" property on Pin "RP4.12" ignored for RP4: Schematic, P09_DVI-D, LCD (5.70, 4.90). Connecting pin to net "DVI_HSYNC".
#8 WARNING(ORCAP-36038): "No_connect" property on Pin "RP4.6" ignored for RP4: Schematic, P09_DVI-D, LCD (5.70, 4.70). Connecting pin to net "DSS_ACBIAS".
#9 WARNING(ORCAP-36038): "No_connect" property on Pin "RP4.8" ignored for RP4: Schematic, P09_DVI-D, LCD (5.70, 4.50). Connecting pin to net "DSS_PCLK".
#10 WARNING(ORCAP-36038): "No_connect" property on Pin "RP4.5" ignored for RP4: Schematic, P09_DVI-D, LCD (5.70, 4.90). Connecting pin to net "DSS_HSYNC".
#11 WARNING(ORCAP-36038): "No_connect" property on Pin "U7.M3" ignored for U7: Schematic, P07_PMIC _POWER (4.20, 0.90). Connecting pin to net "USB_1V8".
#12 WARNING(ORCAP-36038): "No_connect" property on Pin "U7.N12" ignored for U7: Schematic, P06_PMIC_PERIPH (3.90, 0.10). Connecting pin to net "AUX_3V3_DIS".
#13 WARNING(ORCAP-36038): "No_connect" property on Pin "U7.G16" ignored for U7: Schematic, P07_PMIC _POWER (4.20, 0.90). Connecting pin to net "CAM_CORE".
#14 WARNING(ORCAP-36038): "No_connect" property on Pin "U7.M2" ignored for U7: Schematic, P07_PMIC _POWER (4.20, 0.90). Connecting pin to net "EXP_VDD".
#15 WARNING(ORCAP-36038): "No_connect" property on Pin "Y1.1" ignored for Y1: Schematic, P06_PMIC_PERIPH (10.50, 2.60). Connecting pin to net "OSC_EN".
#16 WARNING(ORCAP-36038): "No_connect" property on Pin "U7.N8" ignored for U7: Schematic, P06_PMIC_PERIPH (3.90, 0.10). Connecting pin to net "N27087084".
#17 WARNING(ORCAP-36038): "No_connect" property on Pin "U7.P12" ignored for U7: Schematic, P06_PMIC_PERIPH (3.90, 0.10). Connecting pin to net "MMC_CD".
#18 WARNING(ORCAP-36038): "No_connect" property on Pin "U7.L4" ignored for U7: Schematic, P06_PMIC_PERIPH (3.90, 0.10). Connecting pin to net "DVI_PU".
#19 WARNING(ORCAP-36038): "No_connect" property on Pin "U7.N9" ignored for U7: Schematic, P06_PMIC_PERIPH (3.90, 0.10). Connecting pin to net "AUX_ADC".
#20 WARNING(ORCAP-36038): "No_connect" property on Pin "U4.AG9" ignored for U4: Schematic, P04_PROCESSOR_B (7.00, 0.50). Connecting pin to net "MMC3_DAT5".
#21 WARNING(ORCAP-36038): "No_connect" property on Pin "U4.AH14" ignored for U4: Schematic, P04_PROCESSOR_B (7.00, 0.50). Connecting pin to net "MMC3_DAT7".
#22 WARNING(ORCAP-36038): "No_connect" property on Pin "U4.AF13" ignored for U4: Schematic, P04_PROCESSOR_B (7.00, 0.50). Connecting pin to net "MMC3_DAT2".
#23 WARNING(ORCAP-36038): "No_connect" property on Pin "U4.AH9" ignored for U4: Schematic, P04_PROCESSOR_B (7.00, 0.50). Connecting pin to net "MMC3_DAT1".
#24 WARNING(ORCAP-36038): "No_connect" property on Pin "U4.AA4" ignored for U4: Schematic, P04_PROCESSOR_B (7.00, 0.50). Connecting pin to net "ID_2".
#25 WARNING(ORCAP-36038): "No_connect" property on Pin "U4.AE11" ignored for U4: Schematic, P04_PROCESSOR_B (7.00, 0.50). Connecting pin to net "MMC3_DAT0".
#26 WARNING(ORCAP-36038): "No_connect" property on Pin "U4.AE10" ignored for U4: Schematic, P04_PROCESSOR_B (7.00, 0.50). Connecting pin to net "MMC3_CMD".
#27 WARNING(ORCAP-36038): "No_connect" property on Pin "U4.AE13" ignored for U4: Schematic, P04_PROCESSOR_B (7.00, 0.50). Connecting pin to net "MMC3_DAT3".
#28 WARNING(ORCAP-36038): "No_connect" property on Pin "U4.AH12" ignored for U4: Schematic, P04_PROCESSOR_B (7.00, 0.50). Connecting pin to net "GPIO_16".
#29 WARNING(ORCAP-36038): "No_connect" property on Pin "U15.32" ignored for U15: Schematic, P10_USB, HUB, & ETHERNET (10.30, 3.10). Connecting pin to net "HUB_TCK".
#30 WARNING(ORCAP-36038): "No_connect" property on Pin "U4.AG12" ignored for U4: Schematic, P04_PROCESSOR_B (7.00, 0.50). Connecting pin to net "GPIO_15".
#31 WARNING(ORCAP-36038): "No_connect" property on Pin "U4.AF11" ignored for U4: Schematic, P04_PROCESSOR_B (7.00, 0.50). Connecting pin to net "MMC3_DAT4".
#32 WARNING(ORCAP-36038): "No_connect" property on Pin "U15.30" ignored for U15: Schematic, P10_USB, HUB, & ETHERNET (10.30, 3.10). Connecting pin to net "HUB_TDI".
#33 WARNING(ORCAP-36038): "No_connect" property on Pin "U4.AF10" ignored for U4: Schematic, P04_PROCESSOR_B (7.00, 0.50). Connecting pin to net "MMC3_CLK".
#34 WARNING(ORCAP-36038): "No_connect" property on Pin "U15.29" ignored for U15: Schematic, P10_USB, HUB, & ETHERNET (10.30, 3.10). Connecting pin to net "HUB_TMS".
#35 WARNING(ORCAP-36038): "No_connect" property on Pin "U15.28" ignored for U15: Schematic, P10_USB, HUB, & ETHERNET (10.30, 3.10). Connecting pin to net "HUB_NTRST".
#36 WARNING(ORCAP-36038): "No_connect" property on Pin "U15.44" ignored for U15: Schematic, P10_USB, HUB, & ETHERNET (10.30, 3.10). Connecting pin to net "CLK24_EN".
#37 WARNING(ORCAP-36038): "No_connect" property on Pin "U14.12" ignored for U14: Schematic, P10_USB, HUB, & ETHERNET (1.60, 2.20). Connecting pin to net "3320_NC".
#38 WARNING(ORCAP-36038): "No_connect" property on Pin "U4.AF6" ignored for U4: Schematic, P04_PROCESSOR_B (7.00, 0.50). Connecting pin to net "MSECURE".
#39 WARNING(ORCAP-36038): "No_connect" property on Pin "RP4.9" ignored for RP4: Schematic, P09_DVI-D, LCD (5.70, 4.50). Connecting pin to net "DVI_CLK+".
#40 WARNING(ORCAP-36042): Pin "TGND" is renamed to "TGND#32" as visible power pin of same name already exists in Package TFP410 , U11: Schematic, P09_DVI-D, LCD (7.70, 2.10).
#41 WARNING(ORCAP-36042): Pin "TGND" is renamed to "TGND#26" as visible power pin of same name already exists in Package TFP410 , U11: Schematic, P09_DVI-D, LCD (7.70, 2.10).
#42 WARNING(ORCAP-36042): Pin "TGND" is renamed to "TGND#20" as visible power pin of same name already exists in Package TFP410 , U11: Schematic, P09_DVI-D, LCD (7.70, 2.10).
#43 WARNING(ORCAP-36042): Pin "DVDD" is renamed to "DVDD#33" as visible power pin of same name already exists in Package TFP410 , U11: Schematic, P09_DVI-D, LCD (7.70, 2.10).
#44 WARNING(ORCAP-36042): Pin "DVDD" is renamed to "DVDD#12" as visible power pin of same name already exists in Package TFP410 , U11: Schematic, P09_DVI-D, LCD (7.70, 2.10).
#45 WARNING(ORCAP-36042): Pin "DGND" is renamed to "DGND#16" as visible power pin of same name already exists in Package TFP410 , U11: Schematic, P09_DVI-D, LCD (7.70, 2.10).
#46 WARNING(ORCAP-36042): Pin "TVDD" is renamed to "TVDD#23" as visible power pin of same name already exists in Package TFP410 , U11: Schematic, P09_DVI-D, LCD (7.70, 2.10).
#47 WARNING(ORCAP-36042): Pin "TVDD" is renamed to "TVDD#29" as visible power pin of same name already exists in Package TFP410 , U11: Schematic, P09_DVI-D, LCD (7.70, 2.10).
#48 WARNING(ORCAP-36042): Pin "DGND" is renamed to "DGND#48" as visible power pin of same name already exists in Package TFP410 , U11: Schematic, P09_DVI-D, LCD (7.70, 2.10).
#49 WARNING(ORCAP-36042): Pin "DVDD" is renamed to "DVDD#1" as visible power pin of same name already exists in Package TFP410 , U11: Schematic, P09_DVI-D, LCD (7.70, 2.10).
#50 WARNING(ORCAP-36042): Pin "DGND" is renamed to "DGND#64" as visible power pin of same name already exists in Package TFP410 , U11: Schematic, P09_DVI-D, LCD (7.70, 2.10).
#51 WARNING(ORCAP-36042): Pin "GND" is renamed to "GND#1" as visible power pin of same name already exists in Package TPS2054BD , U13: Schematic, P10_USB, HUB, & ETHERNET (15.00, 2.20).
#52 WARNING(ORCAP-36042): Pin "GND" is renamed to "GND#5" as visible power pin of same name already exists in Package TPS2054BD , U13: Schematic, P10_USB, HUB, & ETHERNET (15.00, 2.20).
#53 WARNING(ORCAP-36042): Pin "VDD33IO" is renamed to "VDD33IO#33" as visible power pin of same name already exists in Package LAN9514_QFN64 , U15: Schematic, P10_USB, HUB, & ETHERNET (10.30, 3.10).
#54 WARNING(ORCAP-36042): Pin "VDD33A" is renamed to "VDD33A#51" as visible power pin of same name already exists in Package LAN9514_QFN64 , U15: Schematic, P10_USB, HUB, & ETHERNET (10.30, 3.10).
#55 WARNING(ORCAP-36042): Pin "VDD18CORE" is renamed to "VDD18CORE#38" as visible power pin of same name already exists in Package LAN9514_QFN64 , U15: Schematic, P10_USB, HUB, & ETHERNET (10.30, 3.10).
#56 WARNING(ORCAP-36042): Pin "VDD33A" is renamed to "VDD33A#5" as visible power pin of same name already exists in Package LAN9514_QFN64 , U15: Schematic, P10_USB, HUB, & ETHERNET (10.30, 3.10).
#57 WARNING(ORCAP-36042): Pin "VDD33A" is renamed to "VDD33A#10" as visible power pin of same name already exists in Package LAN9514_QFN64 , U15: Schematic, P10_USB, HUB, & ETHERNET (10.30, 3.10).
#58 WARNING(ORCAP-36042): Pin "VDD33IO" is renamed to "VDD33IO#27" as visible power pin of same name already exists in Package LAN9514_QFN64 , U15: Schematic, P10_USB, HUB, & ETHERNET (10.30, 3.10).
#59 WARNING(ORCAP-36042): Pin "VDD33IO" is renamed to "VDD33IO#19" as visible power pin of same name already exists in Package LAN9514_QFN64 , U15: Schematic, P10_USB, HUB, & ETHERNET (10.30, 3.10).
#60 WARNING(ORCAP-36042): Pin "VDD33A" is renamed to "VDD33A#54" as visible power pin of same name already exists in Package LAN9514_QFN64 , U15: Schematic, P10_USB, HUB, & ETHERNET (10.30, 3.10).
#61 WARNING(ORCAP-36042): Pin "VDD33A" is renamed to "VDD33A#57" as visible power pin of same name already exists in Package LAN9514_QFN64 , U15: Schematic, P10_USB, HUB, & ETHERNET (10.30, 3.10).
#62 WARNING(ORCAP-36042): Pin "VDD18CORE" is renamed to "VDD18CORE#15" as visible power pin of same name already exists in Package LAN9514_QFN64 , U15: Schematic, P10_USB, HUB, & ETHERNET (10.30, 3.10).
#63 WARNING(ORCAP-36042): Pin "VDD33IO" is renamed to "VDD33IO#39" as visible power pin of same name already exists in Package LAN9514_QFN64 , U15: Schematic, P10_USB, HUB, & ETHERNET (10.30, 3.10).
#64 WARNING(ORCAP-36042): Pin "VDD33IO" is renamed to "VDD33IO#46" as visible power pin of same name already exists in Package LAN9514_QFN64 , U15: Schematic, P10_USB, HUB, & ETHERNET (10.30, 3.10).
#65 WARNING(ORCAP-36042): Pin "VDD33A" is renamed to "VDD33A#49" as visible power pin of same name already exists in Package LAN9514_QFN64 , U15: Schematic, P10_USB, HUB, & ETHERNET (10.30, 3.10).
#66 WARNING(ORCAP-36042): Pin "VDD33A" is renamed to "VDD33A#64" as visible power pin of same name already exists in Package LAN9514_QFN64 , U15: Schematic, P10_USB, HUB, & ETHERNET (10.30, 3.10).
#67 WARNING(ORCAP-36042): Pin "SW_IN" is renamed to "SW_IN#2" as visible power pin of same name already exists in Package TPS2141PWP_0 , U2: Schematic, P02_USB OTG and POWER (4.30, 4.30).
#68 WARNING(ORCAP-36042): Pin "SW_OUT" is renamed to "SW_OUT#12" as visible power pin of same name already exists in Package TPS2141PWP_0 , U2: Schematic, P02_USB OTG and POWER (4.30, 4.30).
#69 WARNING(ORCAP-36042): Pin "SW_IN" is renamed to "SW_IN#3" as visible power pin of same name already exists in Package TPS2141PWP_0 , U2: Schematic, P02_USB OTG and POWER (4.30, 4.30).
#70 WARNING(ORCAP-36042): Pin "SW_OUT" is renamed to "SW_OUT#13" as visible power pin of same name already exists in Package TPS2141PWP_0 , U2: Schematic, P02_USB OTG and POWER (4.30, 4.30).
#71 WARNING(ORCAP-36042): Pin "VDD1.L0" is renamed to "VDD1.L0#C14" as visible power pin of same name already exists in Package TPS65950_1BB , U7A: Schematic, P06_PMIC_PERIPH (3.90, 0.10).
#72 WARNING(ORCAP-36042): Pin "VDD1.L0" is renamed to "VDD1.L0#D15" as visible power pin of same name already exists in Package TPS65950_1BB , U7A: Schematic, P06_PMIC_PERIPH (3.90, 0.10).
#73 WARNING(ORCAP-36042): Pin "VDD1.L0" is renamed to "VDD1.L0#D16" as visible power pin of same name already exists in Package TPS65950_1BB , U7A: Schematic, P06_PMIC_PERIPH (3.90, 0.10).
#74 WARNING(ORCAP-36042): Pin "VBAT.RIGHT" is renamed to "VBAT.RIGHT#D11" as visible power pin of same name already exists in Package TPS65950_1BB , U7A: Schematic, P06_PMIC_PERIPH (3.90, 0.10).
#75 WARNING(ORCAP-36042): Pin "VBAT.RIGHT" is renamed to "VBAT.RIGHT#D12" as visible power pin of same name already exists in Package TPS65950_1BB , U7A: Schematic, P06_PMIC_PERIPH (3.90, 0.10).
#76 WARNING(ORCAP-36042): Pin "GND.LEFT" is renamed to "GND.LEFT#C10" as visible power pin of same name already exists in Package TPS65950_1BB , U7A: Schematic, P06_PMIC_PERIPH (3.90, 0.10).
#77 WARNING(ORCAP-36042): Pin "GND.LEFT" is renamed to "GND.LEFT#C9" as visible power pin of same name already exists in Package TPS65950_1BB , U7A: Schematic, P06_PMIC_PERIPH (3.90, 0.10).
#78 WARNING(ORCAP-36042): Pin "VBAT.LEFT" is renamed to "VBAT.LEFT#D10" as visible power pin of same name already exists in Package TPS65950_1BB , U7A: Schematic, P06_PMIC_PERIPH (3.90, 0.10).
#79 WARNING(ORCAP-36042): Pin "VBAT.LEFT" is renamed to "VBAT.LEFT#D9" as visible power pin of same name already exists in Package TPS65950_1BB , U7A: Schematic, P06_PMIC_PERIPH (3.90, 0.10).
#80 WARNING(ORCAP-36042): Pin "GND.RIGHT" is renamed to "GND.RIGHT#C11" as visible power pin of same name already exists in Package TPS65950_1BB , U7A: Schematic, P06_PMIC_PERIPH (3.90, 0.10).
#81 WARNING(ORCAP-36042): Pin "GND.RIGHT" is renamed to "GND.RIGHT#C12" as visible power pin of same name already exists in Package TPS65950_1BB , U7A: Schematic, P06_PMIC_PERIPH (3.90, 0.10).
INFO(ORCAP-36080): Scanning netlist files ...

Loading... allegro\pstchip.dat

Loading... allegro\pstchip.dat

Loading... allegro\pstxprt.dat

Loading... allegro\pstxnet.dat
packaging the design view...